<?xml version="1.0" encoding="UTF-8"?>
<!-- Generated by org.testng.reporters.JUnitReportReporter -->
<testsuite hostname="LAPTOP-ONO7GG0H" name="DataDriven.Framework.TestCases.DataTestCase" tests="1" failures="0" timestamp="14 Nov 2019 23:08:00 GMT" time="12.411" errors="0">
  <testcase name="readData" time="12.411" classname="DataDriven.Framework.TestCases.DataTestCase"/>
</testsuite> <!-- DataDriven.Framework.TestCases.DataTestCase -->
