<?xml version="1.0" encoding="UTF-8"?>
<!-- Generated by org.testng.reporters.JUnitReportReporter -->
<testsuite hostname="LAPTOP-ONO7GG0H" name="DataDriven.Framework.TestCases.Action" tests="1" failures="0" timestamp="5 Nov 2019 22:05:59 GMT" time="7.894" errors="0">
  <testcase name="testOFaction" time="7.894" classname="DataDriven.Framework.TestCases.Action"/>
</testsuite> <!-- DataDriven.Framework.TestCases.Action -->
